Determining if the pthread_create exist failed with the following output:
Change Dir: /program/ugv_ws/src/kitti_player/build/CMakeFiles/CMakeTmp

Run Build Command:/usr/bin/make "cmTryCompileExec1407785552/fast"
/usr/bin/make -f CMakeFiles/cmTryCompileExec1407785552.dir/build.make CMakeFiles/cmTryCompileExec1407785552.dir/build
make[1]: Entering directory `/program/ugv_ws/src/kitti_player/build/CMakeFiles/CMakeTmp'
/usr/bin/cmake -E cmake_progress_report /program/ugv_ws/src/kitti_player/build/CMakeFiles/CMakeTmp/CMakeFiles 1
Building C object CMakeFiles/cmTryCompileExec1407785552.dir/CheckSymbolExists.c.o
/usr/bin/cc    -o CMakeFiles/cmTryCompileExec1407785552.dir/CheckSymbolExists.c.o   -c /program/ugv_ws/src/kitti_player/build/CMakeFiles/CMakeTmp/CheckSymbolExists.c
Linking C executable cmTryCompileExec1407785552
/usr/bin/cmake -E cmake_link_script CMakeFiles/cmTryCompileExec1407785552.dir/link.txt --verbose=1
/usr/bin/cc       CMakeFiles/cmTryCompileExec1407785552.dir/CheckSymbolExists.c.o  -o cmTryCompileExec1407785552 -rdynamic 
CMakeFiles/cmTryCompileExec1407785552.dir/CheckSymbolExists.c.o: In function `main':
CheckSymbolExists.c:(.text+0x16): undefined reference to `pthread_create'
collect2: error: ld returned 1 exit status
make[1]: Leaving directory `/program/ugv_ws/src/kitti_player/build/CMakeFiles/CMakeTmp'
make[1]: *** [cmTryCompileExec1407785552] Error 1
make: *** [cmTryCompileExec1407785552/fast] Error 2

File /program/ugv_ws/src/kitti_player/build/CMakeFiles/CMakeTmp/CheckSymbolExists.c:
/* */
#include <pthread.h>

int main(int argc, char** argv)
{
  (void)argv;
#ifndef pthread_create
  return ((int*)(&pthread_create))[argc];
#else
  (void)argc;
  return 0;
#endif
}

Determining if the function pthread_create exists in the pthreads failed with the following output:
Change Dir: /program/ugv_ws/src/kitti_player/build/CMakeFiles/CMakeTmp

Run Build Command:/usr/bin/make "cmTryCompileExec3886840140/fast"
/usr/bin/make -f CMakeFiles/cmTryCompileExec3886840140.dir/build.make CMakeFiles/cmTryCompileExec3886840140.dir/build
make[1]: Entering directory `/program/ugv_ws/src/kitti_player/build/CMakeFiles/CMakeTmp'
/usr/bin/cmake -E cmake_progress_report /program/ugv_ws/src/kitti_player/build/CMakeFiles/CMakeTmp/CMakeFiles 1
Building C object CMakeFiles/cmTryCompileExec3886840140.dir/CheckFunctionExists.c.o
/usr/bin/cc   -DCHECK_FUNCTION_EXISTS=pthread_create   -o CMakeFiles/cmTryCompileExec3886840140.dir/CheckFunctionExists.c.o   -c /usr/share/cmake-2.8/Modules/CheckFunctionExists.c
Linking C executable cmTryCompileExec3886840140
/usr/bin/cmake -E cmake_link_script CMakeFiles/cmTryCompileExec3886840140.dir/link.txt --verbose=1
/usr/bin/cc   -DCHECK_FUNCTION_EXISTS=pthread_create    CMakeFiles/cmTryCompileExec3886840140.dir/CheckFunctionExists.c.o  -o cmTryCompileExec3886840140 -rdynamic -lpthreads 
/usr/bin/ld: cannot find -lpthreads
collect2: error: ld returned 1 exit status
make[1]: Leaving directory `/program/ugv_ws/src/kitti_player/build/CMakeFiles/CMakeTmp'
make[1]: *** [cmTryCompileExec3886840140] Error 1
make: *** [cmTryCompileExec3886840140/fast] Error 2


